        -:    0:Source:cardtest1.c
        -:    0:Graph:cardtest1.gcno
        -:    0:Data:cardtest1.gcda
        -:    0:Runs:1
        -:    0:Programs:1
        -:    1:#include "dominion.h"
        -:    2:#include "dominion_helpers.h"
        -:    3:#include "rngs.h"
        -:    4:#include <string.h>
        -:    5:#include <stdio.h>
        -:    6:#include <math.h>
        -:    7:#include <stdlib.h>
        -:    8:
function assert called 2 returned 100% blocks executed 75%
        2:    9:int assert(int number)
        -:   10:{
        2:   11:	if(number == 0)
branch  0 taken 0% (fallthrough)
branch  1 taken 100%
    #####:   12:		return 0;
        -:   13:	else
        2:   14:		return 1;
        -:   15:}
        -:   16:
function main called 1 returned 100% blocks executed 91%
        1:   17:int main (int argc, char** argv)	{
        -:   18:	struct gameState G;
        -:   19:	int temp;
        -:   20:	
        1:   21:	printf ("\n******Test Adventurer******\n");
call    0 returned 100%
        -:   22:
        1:   23:	G.numActions = 0;
        1:   24:	G.handCount[0] = 5;
        1:   25:	G.hand[0][0] = adventurer;
        1:   26:	G.hand[0][1] = copper;
        1:   27:	G.hand[0][2] = copper;
        1:   28:	G.hand[0][3] = copper;
        1:   29:	G.hand[0][4] = copper;
        -:   30:	
        1:   31:	G.deckCount[0] = 4;
        1:   32:	G.deck[0][1] = feast;
        1:   33:	G.deck[0][2] = copper;
        1:   34:	G.deck[0][3] = copper;
        1:   35:	G.deck[0][4] = mine;
        -:   36:	
        1:   37:	temp = cardEffect(adventurer, 0, 0, 0, &G, 0, 0);
call    0 returned 100%
        1:   38:	if (assert(temp == 0))
call    0 returned 100%
branch  1 taken 100% (fallthrough)
branch  2 taken 0%
        1:   39:		printf("deckCount= %d\n", G.deckCount[0]);
call    0 returned 100%
        1:   40:	if (assert(G.deckCount[0] == 2))
call    0 returned 100%
branch  1 taken 100% (fallthrough)
branch  2 taken 0%
        1:   41:		printf("\nTEST SUCCESSFULLY COMPLETED\n");
call    0 returned 100%
        -:   42:	else
    #####:   43:		printf("\nFAILED\n");
call    0 never executed
        1:   44:	return 0;
        -:   45:} 
